Mon Nov 21 10:27:51 CST 2016  [debug] AvalonLogSystem initialized using logfile 'C:\workspace-eyeshade\.metadata\.plugins\com.genuitec.eclipse.templates\velocity.log'
Mon Nov 21 10:27:51 CST 2016   [info] ************************************************************** 
Mon Nov 21 10:27:51 CST 2016   [info] Starting Jakarta Velocity v1.4
Mon Nov 21 10:27:51 CST 2016   [info] RuntimeInstance initializing.
Mon Nov 21 10:27:51 CST 2016   [info] Default Properties File: org\apache\velocity\runtime\defaults\velocity.properties
Mon Nov 21 10:27:51 CST 2016   [info] Trying to use logger class org.apache.velocity.runtime.log.AvalonLogSystem
Mon Nov 21 10:27:51 CST 2016   [info] Using logger class org.apache.velocity.runtime.log.AvalonLogSystem
Mon Nov 21 10:27:51 CST 2016   [info] Default ResourceManager initializing. (class org.apache.velocity.runtime.resource.ResourceManagerImpl)
Mon Nov 21 10:27:51 CST 2016   [info] Resource Loader Instantiated: com.genuitec.eclipse.templates.internal.PluginResourceLoader
Mon Nov 21 10:27:51 CST 2016   [info] ResourceCache : initialized. (class org.apache.velocity.runtime.resource.ResourceCacheImpl)
Mon Nov 21 10:27:51 CST 2016   [info] Default ResourceManager initialization complete.
Mon Nov 21 10:27:51 CST 2016   [info] Loaded System Directive: org.apache.velocity.runtime.directive.Literal
Mon Nov 21 10:27:51 CST 2016   [info] Loaded System Directive: org.apache.velocity.runtime.directive.Macro
Mon Nov 21 10:27:51 CST 2016   [info] Loaded System Directive: org.apache.velocity.runtime.directive.Parse
Mon Nov 21 10:27:51 CST 2016   [info] Loaded System Directive: org.apache.velocity.runtime.directive.Include
Mon Nov 21 10:27:51 CST 2016   [info] Loaded System Directive: org.apache.velocity.runtime.directive.Foreach
Mon Nov 21 10:27:51 CST 2016   [info] Created: 20 parsers.
Mon Nov 21 10:27:51 CST 2016   [info] Velocimacro : initialization starting.
Mon Nov 21 10:27:51 CST 2016   [info] Velocimacro : adding VMs from VM library template : VM_global_library.vm
Mon Nov 21 10:27:51 CST 2016   [info] ResourceManager : found VM_global_library.vm with loader com.genuitec.eclipse.templates.internal.PluginResourceLoader
Mon Nov 21 10:27:51 CST 2016   [info] Velocimacro :  VM library template macro registration complete.
Mon Nov 21 10:27:51 CST 2016   [info] Velocimacro : allowInline = true : VMs can be defined inline in templates
Mon Nov 21 10:27:51 CST 2016   [info] Velocimacro : allowInlineToOverride = true : VMs defined inline may replace previous VM definitions
Mon Nov 21 10:27:51 CST 2016   [info] Velocimacro : allowInlineLocal = true : VMs defined inline will be local to their defining template only.
Mon Nov 21 10:27:51 CST 2016   [info] Velocimacro : messages on  : VM system will output logging messages
Mon Nov 21 10:27:51 CST 2016   [info] Velocimacro : autoload off  : VM system will not automatically reload global library macros
Mon Nov 21 10:27:51 CST 2016   [info] Velocimacro : initialization complete.
Mon Nov 21 10:27:51 CST 2016   [info] Velocity successfully started.
Mon Nov 21 10:27:51 CST 2016   [info] ResourceManager : found templates/jsp/Jsp.vtl with loader com.genuitec.eclipse.templates.internal.PluginResourceLoader
Mon Nov 21 10:27:51 CST 2016   [info] ResourceManager : found templates/jsp/JSPMetaTags.vtl with loader com.genuitec.eclipse.templates.internal.PluginResourceLoader
Mon Nov 21 10:29:39 CST 2016   [info] ResourceManager : found templates/jsp/Jsp.vtl with loader com.genuitec.eclipse.templates.internal.PluginResourceLoader
Mon Nov 21 10:29:39 CST 2016   [info] ResourceManager : found templates/jsp/JSPMetaTags.vtl with loader com.genuitec.eclipse.templates.internal.PluginResourceLoader
Mon Nov 21 16:10:31 CST 2016   [info] ResourceManager : found templates/jsp/Jsp.vtl with loader com.genuitec.eclipse.templates.internal.PluginResourceLoader
Mon Nov 21 16:10:31 CST 2016   [info] ResourceManager : found templates/jsp/JSPMetaTags.vtl with loader com.genuitec.eclipse.templates.internal.PluginResourceLoader
